# JRE version: Java(TM) SE Runtime Environment (9.0+11) (build 9.0.4+11)
# Java VM: Java HotSpot(TM) 64-Bit Server VM (9.0.4+11, mixed mode, tiered, compressed oops, g1 gc, windows-amd64)
Heap:
 garbage-first heap   total 266240K, used 192013K [0x0000000700000000, 0x0000000700100820, 0x00000007c0000000)
  region size 1024K, 41 young (41984K), 2 survivors (2048K)
 Metaspace       used 102577K, capacity 106799K, committed 108668K, reserved 1142784K
  class space    used 14535K, capacity 15296K, committed 15740K, reserved 1048576K
GC Heap History (10 events):
Event: 13986.372 GC heap before
{Heap before GC invocations=640 (full 11):
 garbage-first heap   total 266240K, used 211917K [0x0000000700000000, 0x0000000700100820, 0x00000007c0000000)
  region size 1024K, 60 young (61440K), 2 survivors (2048K)
 Metaspace       used 102552K, capacity 106795K, committed 108668K, reserved 1142784K
  class space    used 14535K, capacity 15296K, committed 15740K, reserved 1048576K
}
Event: 13986.375 GC heap after
{Heap after GC invocations=641 (full 11):
 garbage-first heap   total 266240K, used 153024K [0x0000000700000000, 0x0000000700100820, 0x00000007c0000000)
  region size 1024K, 2 young (2048K), 2 survivors (2048K)
 Metaspace       used 102552K, capacity 106795K, committed 108668K, reserved 1142784K
  class space    used 14535K, capacity 15296K, committed 15740K, reserved 1048576K
}
Event: 13986.453 GC heap before
{Heap before GC invocations=641 (full 11):
 garbage-first heap   total 266240K, used 212416K [0x0000000700000000, 0x0000000700100820, 0x00000007c0000000)
  region size 1024K, 60 young (61440K), 2 survivors (2048K)
 Metaspace       used 102559K, capacity 106795K, committed 108668K, reserved 1142784K
  class space    used 14535K, capacity 15296K, committed 15740K, reserved 1048576K
}
Event: 13986.457 GC heap after
{Heap after GC invocations=642 (full 11):
 garbage-first heap   total 266240K, used 153142K [0x0000000700000000, 0x0000000700100820, 0x00000007c0000000)
  region size 1024K, 2 young (2048K), 2 survivors (2048K)
 Metaspace       used 102559K, capacity 106795K, committed 108668K, reserved 1142784K
  class space    used 14535K, capacity 15296K, committed 15740K, reserved 1048576K
}
Event: 13986.566 GC heap before
{Heap before GC invocations=642 (full 11):
 garbage-first heap   total 266240K, used 212534K [0x0000000700000000, 0x0000000700100820, 0x00000007c0000000)
  region size 1024K, 60 young (61440K), 2 survivors (2048K)
 Metaspace       used 102559K, capacity 106795K, committed 108668K, reserved 1142784K
  class space    used 14535K, capacity 15296K, committed 15740K, reserved 1048576K
}
Event: 13986.569 GC heap after
{Heap after GC invocations=643 (full 11):
 garbage-first heap   total 266240K, used 153108K [0x0000000700000000, 0x0000000700100820, 0x00000007c0000000)
  region size 1024K, 2 young (2048K), 2 survivors (2048K)
 Metaspace       used 102559K, capacity 106795K, committed 108668K, reserved 1142784K
  class space    used 14535K, capacity 15296K, committed 15740K, reserved 1048576K
}
Event: 13986.699 GC heap before
{Heap before GC invocations=644 (full 11):
 garbage-first heap   total 266240K, used 212500K [0x0000000700000000, 0x0000000700100820, 0x00000007c0000000)
  region size 1024K, 60 young (61440K), 2 survivors (2048K)
 Metaspace       used 102569K, capacity 106799K, committed 108668K, reserved 1142784K
  class space    used 14535K, capacity 15296K, committed 15740K, reserved 1048576K
}
Event: 13986.703 GC heap after
{Heap after GC invocations=645 (full 11):
 garbage-first heap   total 266240K, used 153195K [0x0000000700000000, 0x0000000700100820, 0x00000007c0000000)
  region size 1024K, 2 young (2048K), 2 survivors (2048K)
 Metaspace       used 102569K, capacity 106799K, committed 108668K, reserved 1142784K
  class space    used 14535K, capacity 15296K, committed 15740K, reserved 1048576K
}
Event: 13986.862 GC heap before
{Heap before GC invocations=645 (full 11):
 garbage-first heap   total 266240K, used 212587K [0x0000000700000000, 0x0000000700100820, 0x00000007c0000000)
  region size 1024K, 60 young (61440K), 2 survivors (2048K)
 Metaspace       used 102574K, capacity 106799K, committed 108668K, reserved 1142784K
  class space    used 14535K, capacity 15296K, committed 15740K, reserved 1048576K
}
Event: 13986.867 GC heap after
{Heap after GC invocations=646 (full 11):
 garbage-first heap   total 266240K, used 153101K [0x0000000700000000, 0x0000000700100820, 0x00000007c0000000)
  region size 1024K, 2 young (2048K), 2 survivors (2048K)
 Metaspace       used 102574K, capacity 106799K, committed 108668K, reserved 1142784K
  class space    used 14535K, capacity 15296K, committed 15740K, reserved 1048576K
}

